app/build/intermediates/manifest_merge_blame_file/debug/manifest-merger-blame-debug-report.txt
1<?xml version="1.0" encoding="utf-8"?>
2<manifest xmlns:android="http://schemas.android.com/apk/res/android"
3    package="com.example.pokedexapp"
4    android:versionCode="1"
5    android:versionName="1.0" >
6
7    <uses-sdk
8        android:minSdkVersion="21"
8-->src\main\AndroidManifest.xml
9        android:targetSdkVersion="32" />
9-->src\main\AndroidManifest.xml
10
11    <uses-permission android:name="android.permission.INTERNET" />
11-->src\main\AndroidManifest.xml:6:5-67
11-->src\main\AndroidManifest.xml:6:22-64
12    <uses-permission android:name="android.permission.REORDER_TASKS" />
12-->[androidx.fragment:fragment-testing:1.3.6] AndroidManifest.xml:25:5-72
12-->[androidx.fragment:fragment-testing:1.3.6] AndroidManifest.xml:25:22-69
13
14    <application
14-->src\main\AndroidManifest.xml:8:5-72:19
15        android:allowBackup="true"
15-->src\main\AndroidManifest.xml:9:9-35
16        android:appComponentFactory="androidx.core.app.CoreComponentFactory"
16-->[androidx.core:core:1.7.0] AndroidManifest.xml:24:18-86
17        android:debuggable="true"
18        android:icon="@mipmap/ic_launcher"
18-->src\main\AndroidManifest.xml:10:9-43
19        android:label="@string/app_name"
19-->src\main\AndroidManifest.xml:11:9-41
20        android:roundIcon="@mipmap/ic_launcher_round"
20-->src\main\AndroidManifest.xml:12:9-54
21        android:supportsRtl="true"
21-->src\main\AndroidManifest.xml:13:9-35
22        android:testOnly="true"
23        android:theme="@style/Theme.PokedexApp"
23-->src\main\AndroidManifest.xml:14:9-48
24        android:usesCleartextTraffic="true" >
24-->src\main\AndroidManifest.xml:15:9-44
25        <activity
25-->src\main\AndroidManifest.xml:16:9-19:15
26            android:name="com.example.pokedexapp.MainActivity"
26-->src\main\AndroidManifest.xml:17:13-41
27            android:exported="true" />
27-->src\main\AndroidManifest.xml:18:13-36
28        <activity
28-->src\main\AndroidManifest.xml:20:9-31:20
29            android:name="com.example.pokedexapp.ui.SplashActivity"
29-->src\main\AndroidManifest.xml:21:13-46
30            android:exported="true"
30-->src\main\AndroidManifest.xml:22:13-36
31            android:label="@string/app_name" >
31-->src\main\AndroidManifest.xml:23:13-45
32            <intent-filter>
32-->src\main\AndroidManifest.xml:25:13-30:29
33                <action android:name="android.intent.action.MAIN" />
33-->src\main\AndroidManifest.xml:26:17-27:23
33-->src\main\AndroidManifest.xml:26:25-66
34
35                <category android:name="android.intent.category.LAUNCHER" />
35-->src\main\AndroidManifest.xml:29:17-77
35-->src\main\AndroidManifest.xml:29:27-74
36            </intent-filter>
37        </activity>
38        <activity
38-->src\main\AndroidManifest.xml:33:9-40:20
39            android:name="androidx.test.core.app.InstrumentationActivityInvoker$BootstrapActivity"
39-->src\main\AndroidManifest.xml:34:13-99
40            android:exported="true"
40-->src\main\AndroidManifest.xml:35:13-36
41            android:theme="@android:style/Theme" >
41-->src\main\AndroidManifest.xml:36:13-49
42            <intent-filter>
42-->src\main\AndroidManifest.xml:37:13-39:29
43                <action android:name="android.intent.action.MAIN" />
43-->src\main\AndroidManifest.xml:26:17-27:23
43-->src\main\AndroidManifest.xml:26:25-66
44            </intent-filter>
45        </activity>
46        <activity
46-->src\main\AndroidManifest.xml:41:9-48:20
47            android:name="androidx.test.core.app.InstrumentationActivityInvoker$EmptyActivity"
47-->src\main\AndroidManifest.xml:42:13-95
48            android:exported="true"
48-->src\main\AndroidManifest.xml:43:13-36
49            android:theme="@android:style/Theme" >
49-->src\main\AndroidManifest.xml:44:13-49
50            <intent-filter>
50-->src\main\AndroidManifest.xml:37:13-39:29
51                <action android:name="android.intent.action.MAIN" />
51-->src\main\AndroidManifest.xml:26:17-27:23
51-->src\main\AndroidManifest.xml:26:25-66
52            </intent-filter>
53        </activity>
54        <activity
54-->src\main\AndroidManifest.xml:49:9-56:20
55            android:name="androidx.test.core.app.InstrumentationActivityInvoker$EmptyFloatingActivity"
55-->src\main\AndroidManifest.xml:50:13-103
56            android:exported="true"
56-->src\main\AndroidManifest.xml:51:13-36
57            android:theme="@android:style/Theme.Dialog" >
57-->src\main\AndroidManifest.xml:52:13-56
58            <intent-filter>
58-->src\main\AndroidManifest.xml:37:13-39:29
59                <action android:name="android.intent.action.MAIN" />
59-->src\main\AndroidManifest.xml:26:17-27:23
59-->src\main\AndroidManifest.xml:26:25-66
60            </intent-filter>
61        </activity>
62        <activity
62-->src\main\AndroidManifest.xml:58:9-67:20
63            android:name="androidx.fragment.app.testing.FragmentScenario$EmptyFragmentActivity"
63-->src\main\AndroidManifest.xml:59:13-96
64            android:exported="true"
64-->src\main\AndroidManifest.xml:60:13-36
65            android:multiprocess="true"
65-->src\main\AndroidManifest.xml:61:13-40
66            android:taskAffinity=""
66-->src\main\AndroidManifest.xml:62:13-36
67            android:theme="@style/FragmentScenarioEmptyFragmentActivityTheme" >
67-->src\main\AndroidManifest.xml:63:13-78
68            <intent-filter>
68-->src\main\AndroidManifest.xml:37:13-39:29
69                <action android:name="android.intent.action.MAIN" />
69-->src\main\AndroidManifest.xml:26:17-27:23
69-->src\main\AndroidManifest.xml:26:25-66
70            </intent-filter>
71        </activity>
72
73        <uses-library
73-->[androidx.window:window:1.0.0] AndroidManifest.xml:25:9-27:40
74            android:name="androidx.window.extensions"
74-->[androidx.window:window:1.0.0] AndroidManifest.xml:26:13-54
75            android:required="false" />
75-->[androidx.window:window:1.0.0] AndroidManifest.xml:27:13-37
76        <uses-library
76-->[androidx.window:window:1.0.0] AndroidManifest.xml:28:9-30:40
77            android:name="androidx.window.sidecar"
77-->[androidx.window:window:1.0.0] AndroidManifest.xml:29:13-51
78            android:required="false" />
78-->[androidx.window:window:1.0.0] AndroidManifest.xml:30:13-37
79
80        <provider
80-->[androidx.emoji2:emoji2:1.0.0] AndroidManifest.xml:26:9-34:20
81            android:name="androidx.startup.InitializationProvider"
81-->[androidx.emoji2:emoji2:1.0.0] AndroidManifest.xml:27:13-67
82            android:authorities="com.example.pokedexapp.androidx-startup"
82-->[androidx.emoji2:emoji2:1.0.0] AndroidManifest.xml:28:13-68
83            android:exported="false" >
83-->[androidx.emoji2:emoji2:1.0.0] AndroidManifest.xml:29:13-37
84            <meta-data
84-->[androidx.emoji2:emoji2:1.0.0] AndroidManifest.xml:31:13-33:52
85                android:name="androidx.emoji2.text.EmojiCompatInitializer"
85-->[androidx.emoji2:emoji2:1.0.0] AndroidManifest.xml:32:17-75
86                android:value="androidx.startup" />
86-->[androidx.emoji2:emoji2:1.0.0] AndroidManifest.xml:33:17-49
87            <meta-data
87-->[androidx.lifecycle:lifecycle-process:2.4.0] AndroidManifest.xml:31:13-33:52
88                android:name="androidx.lifecycle.ProcessLifecycleInitializer"
88-->[androidx.lifecycle:lifecycle-process:2.4.0] AndroidManifest.xml:32:17-78
89                android:value="androidx.startup" />
89-->[androidx.lifecycle:lifecycle-process:2.4.0] AndroidManifest.xml:33:17-49
90        </provider>
91    </application>
92
93</manifest>